23:20:54.613957 Failed to establish a UDP connection to [2001:470:2351::1]:53 : dial udp [2001:470:2351::1]:53: connect: A socket operation was attempted to an unreachable network.
23:20:54.614957 Failed to establish a UDP connection to [2001:470:1f1a:78e::2]:53 : dial udp [2001:470:1f1a:78e::2]:53: connect: A socket operation was attempted to an unreachable network.
23:20:54.615956 Failed to establish a UDP connection to [2a02:2970:1002::18]:53 : dial udp [2a02:2970:1002::18]:53: connect: A socket operation was attempted to an unreachable network.
23:20:54.616956 Failed to establish a UDP connection to [2607:5300:203:439c::102]:53 : dial udp [2607:5300:203:439c::102]:53: connect: A socket operation was attempted to an unreachable network.
23:20:54.616956 Failed to establish a UDP connection to [2a01:4f8:151:34aa::198]:53 : dial udp [2a01:4f8:151:34aa::198]:53: connect: A socket operation was attempted to an unreachable network.
23:20:54.617959 Failed to establish a UDP connection to [2a01:4f8:141:316d::117]:53 : dial udp [2a01:4f8:141:316d::117]:53: connect: A socket operation was attempted to an unreachable network.
23:20:54.619596 Failed to establish a UDP connection to [2001:470:2351:11::1]:53 : dial udp [2001:470:2351:11::1]:53: connect: A socket operation was attempted to an unreachable network.
23:20:54.620335 Failed to establish a UDP connection to [2606:4700:4700::1111]:53 : dial udp [2606:4700:4700::1111]:53: connect: A socket operation was attempted to an unreachable network.
23:20:54.620956 Failed to establish a UDP connection to [2604:a880:0:1010::b:4001]:53 : dial udp [2604:a880:0:1010::b:4001]:53: connect: A socket operation was attempted to an unreachable network.
23:20:54.621955 Failed to establish a UDP connection to [2001:4860:4860::8844]:53 : dial udp [2001:4860:4860::8844]:53: connect: A socket operation was attempted to an unreachable network.
23:20:54.624957 Failed to establish a UDP connection to [2a0d:2a00:1::2]:53 : dial udp [2a0d:2a00:1::2]:53: connect: A socket operation was attempted to an unreachable network.
23:20:54.649769 Failed to establish a UDP connection to [2620:119:35::35]:53 : dial udp [2620:119:35::35]:53: connect: A socket operation was attempted to an unreachable network.
23:20:54.650771 Failed to establish a UDP connection to [2620:119:53::53]:53 : dial udp [2620:119:53::53]:53: connect: A socket operation was attempted to an unreachable network.
23:20:54.650771 Failed to establish a UDP connection to [2606:4700:4700::1001]:53 : dial udp [2606:4700:4700::1001]:53: connect: A socket operation was attempted to an unreachable network.
23:20:54.652769 Failed to establish a UDP connection to [2a03:4000:24:688::6e73:31]:53 : dial udp [2a03:4000:24:688::6e73:31]:53: connect: A socket operation was attempted to an unreachable network.
23:20:54.653479 Failed to establish a UDP connection to [2a03:4000:24:361::6e73:32]:53 : dial udp [2a03:4000:24:361::6e73:32]:53: connect: A socket operation was attempted to an unreachable network.
23:20:54.655768 Failed to establish a UDP connection to [2a0c:a9c7:8::1]:53 : dial udp [2a0c:a9c7:8::1]:53: connect: A socket operation was attempted to an unreachable network.
23:20:54.656768 Failed to establish a UDP connection to [2a0c:a9c7:9::1]:53 : dial udp [2a0c:a9c7:9::1]:53: connect: A socket operation was attempted to an unreachable network.
23:20:54.656768 Failed to establish a UDP connection to [2001:418:3ff::1:53]:53 : dial udp [2001:418:3ff::1:53]:53: connect: A socket operation was attempted to an unreachable network.
23:20:54.656768 Failed to establish a UDP connection to [2001:418:3ff::53]:53 : dial udp [2001:418:3ff::53]:53: connect: A socket operation was attempted to an unreachable network.
23:20:54.656768 Failed to establish a UDP connection to [2001:468:c80:2101:0:100:0:22]:53 : dial udp [2001:468:c80:2101:0:100:0:22]:53: connect: A socket operation was attempted to an unreachable network.
23:20:54.657768 Failed to establish a UDP connection to [2001:468:c80:4101:0:100:0:42]:53 : dial udp [2001:468:c80:4101:0:100:0:42]:53: connect: A socket operation was attempted to an unreachable network.
23:20:54.657768 Failed to establish a UDP connection to [2001:738:6001:b0b0::1000]:53 : dial udp [2001:738:6001:b0b0::1000]:53: connect: A socket operation was attempted to an unreachable network.
23:20:54.657768 Failed to establish a UDP connection to [2001:840:100::]:53 : dial udp [2001:840:100::]:53: connect: A socket operation was attempted to an unreachable network.
23:20:54.658770 Failed to establish a UDP connection to [2001:840:200::]:53 : dial udp [2001:840:200::]:53: connect: A socket operation was attempted to an unreachable network.
23:20:54.658770 Failed to establish a UDP connection to [2001:978:1:1::d]:53 : dial udp [2001:978:1:1::d]:53: connect: A socket operation was attempted to an unreachable network.
23:20:54.658770 Failed to establish a UDP connection to [2001:978:1:2::d]:53 : dial udp [2001:978:1:2::d]:53: connect: A socket operation was attempted to an unreachable network.
23:20:54.659768 Failed to establish a UDP connection to [2a02:200:1:11::100]:53 : dial udp [2a02:200:1:11::100]:53: connect: A socket operation was attempted to an unreachable network.
23:20:54.675769 Failed to establish a UDP connection to [2a00:1508:0:4::9]:53 : dial udp [2a00:1508:0:4::9]:53: connect: A socket operation was attempted to an unreachable network.
23:20:54.676783 Failed to establish a UDP connection to [2a02:6b8:0:1::feed:bad]:53 : dial udp [2a02:6b8:0:1::feed:bad]:53: connect: A socket operation was attempted to an unreachable network.
23:20:54.676783 Failed to establish a UDP connection to [2a02:6b8::feed:bad]:53 : dial udp [2a02:6b8::feed:bad]:53: connect: A socket operation was attempted to an unreachable network.
23:20:54.676783 Failed to establish a UDP connection to [2620:74:1b::1:1]:53 : dial udp [2620:74:1b::1:1]:53: connect: A socket operation was attempted to an unreachable network.
23:20:54.676783 Failed to establish a UDP connection to [2620:0:ccd::2]:53 : dial udp [2620:0:ccd::2]:53: connect: A socket operation was attempted to an unreachable network.
23:20:54.677768 Failed to establish a UDP connection to [2620:0:ccc::2]:53 : dial udp [2620:0:ccc::2]:53: connect: A socket operation was attempted to an unreachable network.
23:20:54.677768 Failed to establish a UDP connection to [2001:470:20::2]:53 : dial udp [2001:470:20::2]:53: connect: A socket operation was attempted to an unreachable network.
23:20:54.677768 Failed to establish a UDP connection to [2001:910:800::12]:53 : dial udp [2001:910:800::12]:53: connect: A socket operation was attempted to an unreachable network.
23:20:54.678768 Failed to establish a UDP connection to [2001:148f:ffff::1]:53 : dial udp [2001:148f:ffff::1]:53: connect: A socket operation was attempted to an unreachable network.
23:20:54.702768 Failed to establish a UDP connection to [2610:a1:1018::1]:53 : dial udp [2610:a1:1018::1]:53: connect: A socket operation was attempted to an unreachable network.
23:20:54.702768 Failed to establish a UDP connection to [2610:a1:1019::1]:53 : dial udp [2610:a1:1019::1]:53: connect: A socket operation was attempted to an unreachable network.
23:20:54.702768 Failed to establish a UDP connection to [2620:fe::fe]:53 : dial udp [2620:fe::fe]:53: connect: A socket operation was attempted to an unreachable network.
23:20:54.702768 Failed to establish a UDP connection to [2a01:3a0:53:53::]:53 : dial udp [2a01:3a0:53:53::]:53: connect: A socket operation was attempted to an unreachable network.
23:20:54.703769 Failed to establish a UDP connection to [2a02:6b8::feed:ff]:53 : dial udp [2a02:6b8::feed:ff]:53: connect: A socket operation was attempted to an unreachable network.
23:20:54.703769 Failed to establish a UDP connection to [2a02:6b8:0:1::feed:ff]:53 : dial udp [2a02:6b8:0:1::feed:ff]:53: connect: A socket operation was attempted to an unreachable network.
23:20:54.703769 Failed to establish a UDP connection to [2a05:dfc7:5::53]:53 : dial udp [2a05:dfc7:5::53]:53: connect: A socket operation was attempted to an unreachable network.
23:20:54.703769 Failed to establish a UDP connection to [2a05:dfc7:5353::53]:53 : dial udp [2a05:dfc7:5353::53]:53: connect: A socket operation was attempted to an unreachable network.
23:20:54.716946 Failed to establish a UDP connection to [2001:67c:2b0::2]:53 : dial udp [2001:67c:2b0::2]:53: connect: A socket operation was attempted to an unreachable network.
23:20:54.717769 Failed to establish a UDP connection to [2001:1608:10:25::9249:d69b]:53 : dial udp [2001:1608:10:25::9249:d69b]:53: connect: A socket operation was attempted to an unreachable network.
23:20:54.718769 Failed to establish a UDP connection to [2001:1608:10:25::1c04:b12f]:53 : dial udp [2001:1608:10:25::1c04:b12f]:53: connect: A socket operation was attempted to an unreachable network.
23:20:54.718769 Failed to establish a UDP connection to [2400:8902::f03c:92ff:fe7d:4266]:53 : dial udp [2400:8902::f03c:92ff:fe7d:4266]:53: connect: A socket operation was attempted to an unreachable network.
23:20:54.724770 Failed to establish a UDP connection to [2620:10a:80bb::20]:53 : dial udp [2620:10a:80bb::20]:53: connect: A socket operation was attempted to an unreachable network.
